  stdafx.cpp
  AdvancingFrontMesh.cpp
C:\Users\user\Desktop\PoissonDeformation-master_0617\MeshDeformation\fillingHole\AdvancingFrontMesh.h(24,21): warning C4018: '<': signed 또는 unsigned가 일치하지 않습니다.
C:\Users\user\Desktop\PoissonDeformation-master_0617\MeshDeformation\fillingHole\AdvancingFrontMesh.cpp(248,21): warning C4018: '<': signed 또는 unsigned가 일치하지 않습니다.
C:\Users\user\Desktop\PoissonDeformation-master_0617\MeshDeformation\fillingHole\AdvancingFrontMesh.cpp(260,21): warning C4018: '<': signed 또는 unsigned가 일치하지 않습니다.
C:\Users\user\Desktop\PoissonDeformation-master_0617\MeshDeformation\fillingHole\AdvancingFrontMesh.cpp(329,20): warning C4018: '<': signed 또는 unsigned가 일치하지 않습니다.
C:\Users\user\Desktop\PoissonDeformation-master_0617\MeshDeformation\fillingHole\AdvancingFrontMesh.cpp(408,20): warning C4018: '<': signed 또는 unsigned가 일치하지 않습니다.
C:\Users\user\Desktop\PoissonDeformation-master_0617\MeshDeformation\fillingHole\AdvancingFrontMesh.cpp(433,28): warning C4996: 'OpenMesh::Iterators::GenericCirculatorT_DEPRECATED<OpenMesh::PolyConnectivity::VertexFaceTraits>::operator OpenMesh::FaceHandle': Implicit casts of iterators are unsafe. Use dereferencing operators -> and * instead.
C:\Users\user\Desktop\PoissonDeformation-master_0617\MeshDeformation\fillingHole\AdvancingFrontMesh.cpp(477,20): warning C4018: '<': signed 또는 unsigned가 일치하지 않습니다.
C:\Users\user\Desktop\PoissonDeformation-master_0617\MeshDeformation\fillingHole\AdvancingFrontMesh.cpp(499,21): warning C4018: '<': signed 또는 unsigned가 일치하지 않습니다.
C:\Users\user\Desktop\PoissonDeformation-master_0617\MeshDeformation\fillingHole\AdvancingFrontMesh.cpp(526,21): warning C4018: '<': signed 또는 unsigned가 일치하지 않습니다.
C:\Users\user\Desktop\PoissonDeformation-master_0617\MeshDeformation\fillingHole\AdvancingFrontMesh.cpp(606,20): warning C4018: '<': signed 또는 unsigned가 일치하지 않습니다.
C:\Users\user\Desktop\PoissonDeformation-master_0617\MeshDeformation\fillingHole\AdvancingFrontMesh.cpp(610,21): warning C4018: '<': signed 또는 unsigned가 일치하지 않습니다.
C:\Users\user\Desktop\PoissonDeformation-master_0617\MeshDeformation\fillingHole\AdvancingFrontMesh.cpp(614,35): warning C4018: '>': signed 또는 unsigned가 일치하지 않습니다.
C:\Users\user\Desktop\PoissonDeformation-master_0617\MeshDeformation\fillingHole\AdvancingFrontMesh.cpp(620,22): warning C4018: '<': signed 또는 unsigned가 일치하지 않습니다.
C:\Users\user\Desktop\PoissonDeformation-master_0617\MeshDeformation\fillingHole\AdvancingFrontMesh.cpp(652,20): warning C4018: '<': signed 또는 unsigned가 일치하지 않습니다.
C:\Users\user\Desktop\PoissonDeformation-master_0617\MeshDeformation\fillingHole\AdvancingFrontMesh.cpp(659,32): warning C4996: 'OpenMesh::Iterators::GenericCirculatorT_DEPRECATED<OpenMesh::PolyConnectivity::VertexFaceTraits>::operator OpenMesh::FaceHandle': Implicit casts of iterators are unsafe. Use dereferencing operators -> and * instead.
C:\Users\user\Desktop\PoissonDeformation-master_0617\MeshDeformation\fillingHole\AdvancingFrontMesh.cpp(661,41): warning C4996: 'OpenMesh::Iterators::GenericCirculatorT_DEPRECATED<OpenMesh::PolyConnectivity::FaceVertexTraits>::operator OpenMesh::VertexHandle': Implicit casts of iterators are unsafe. Use dereferencing operators -> and * instead.
C:\Users\user\Desktop\PoissonDeformation-master_0617\MeshDeformation\fillingHole\AdvancingFrontMesh.cpp(662,41): warning C4996: 'OpenMesh::Iterators::GenericCirculatorT_DEPRECATED<OpenMesh::PolyConnectivity::FaceVertexTraits>::operator OpenMesh::VertexHandle': Implicit casts of iterators are unsafe. Use dereferencing operators -> and * instead.
C:\Users\user\Desktop\PoissonDeformation-master_0617\MeshDeformation\fillingHole\AdvancingFrontMesh.cpp(663,37): warning C4996: 'OpenMesh::Iterators::GenericCirculatorT_DEPRECATED<OpenMesh::PolyConnectivity::FaceVertexTraits>::operator OpenMesh::VertexHandle': Implicit casts of iterators are unsafe. Use dereferencing operators -> and * instead.
C:\Users\user\Desktop\PoissonDeformation-master_0617\MeshDeformation\fillingHole\AdvancingFrontMesh.cpp(700,20): warning C4018: '<': signed 또는 unsigned가 일치하지 않습니다.
C:\Users\user\Desktop\PoissonDeformation-master_0617\MeshDeformation\fillingHole\AdvancingFrontMesh.cpp(704,21): warning C4018: '<': signed 또는 unsigned가 일치하지 않습니다.
C:\Users\user\Desktop\PoissonDeformation-master_0617\MeshDeformation\fillingHole\AdvancingFrontMesh.cpp(740,31): warning C4996: 'OpenMesh::Iterators::GenericCirculatorT_DEPRECATED<OpenMesh::PolyConnectivity::VertexFaceTraits>::operator OpenMesh::FaceHandle': Implicit casts of iterators are unsafe. Use dereferencing operators -> and * instead.
C:\Users\user\Desktop\PoissonDeformation-master_0617\MeshDeformation\fillingHole\AdvancingFrontMesh.cpp(822,40): warning C4018: '<': signed 또는 unsigned가 일치하지 않습니다.
C:\Users\user\Desktop\PoissonDeformation-master_0617\MeshDeformation\fillingHole\AdvancingFrontMesh.cpp(942,14): warning C4018: '>=': signed 또는 unsigned가 일치하지 않습니다.
C:\Users\user\Desktop\PoissonDeformation-master_0617\MeshDeformation\fillingHole\AdvancingFrontMesh.cpp(1071,14): warning C4018: '>=': signed 또는 unsigned가 일치하지 않습니다.
C:\Users\user\Desktop\PoissonDeformation-master_0617\MeshDeformation\fillingHole\AdvancingFrontMesh.cpp(1004,8): warning C4101: 'temp' :참조되지 않은 지역 변수입니다.
C:\Users\user\Desktop\PoissonDeformation-master_0617\MeshDeformation\fillingHole\AdvancingFrontMesh.cpp(1197,20): warning C4018: '<': signed 또는 unsigned가 일치하지 않습니다.
C:\Users\user\Desktop\PoissonDeformation-master_0617\MeshDeformation\fillingHole\AdvancingFrontMesh.cpp(1213,20): warning C4018: '<': signed 또는 unsigned가 일치하지 않습니다.
C:\Users\user\Desktop\PoissonDeformation-master_0617\MeshDeformation\fillingHole\AdvancingFrontMesh.cpp(1235,57): warning C4996: 'OpenMesh::Iterators::GenericIteratorT<OpenMesh::PolyConnectivity::This,OpenMesh::ArrayKernel::VertexHandle,OpenMesh::ArrayKernel,{&OpenMesh::ArrayKernel::has_vertex_status,0},{&OpenMesh::ArrayKernel::[thunk]: __thiscall OpenMesh::ArrayKernel::`vcall'{4,{flat}}' }',0}>::operator OpenMesh::VertexHandle': Implicit casts of iterators are unsafe. Use dereferencing operators -> and * instead.
C:\Users\user\Desktop\PoissonDeformation-master_0617\MeshDeformation\fillingHole\AdvancingFrontMesh.cpp(1252,54): warning C4996: 'OpenMesh::Iterators::GenericIteratorT<OpenMesh::PolyConnectivity::This,OpenMesh::ArrayKernel::FaceHandle,OpenMesh::ArrayKernel,{&OpenMesh::ArrayKernel::has_face_status,0},{&OpenMesh::ArrayKernel::[thunk]: __thiscall OpenMesh::ArrayKernel::`vcall'{16,{flat}}' }',0}>::operator OpenMesh::FaceHandle': Implicit casts of iterators are unsafe. Use dereferencing operators -> and * instead.
C:\Users\user\Desktop\PoissonDeformation-master_0617\MeshDeformation\fillingHole\AdvancingFrontMesh.cpp(1334,20): warning C4018: '<': signed 또는 unsigned가 일치하지 않습니다.
C:\Users\user\Desktop\PoissonDeformation-master_0617\MeshDeformation\fillingHole\AdvancingFrontMesh.cpp(1319,35): warning C4996: 'OpenMesh::Iterators::GenericIteratorT<OpenMesh::PolyConnectivity::This,OpenMesh::ArrayKernel::FaceHandle,OpenMesh::ArrayKernel,{&OpenMesh::ArrayKernel::has_face_status,0},{&OpenMesh::ArrayKernel::[thunk]: __thiscall OpenMesh::ArrayKernel::`vcall'{16,{flat}}' }',0}>::operator OpenMesh::FaceHandle': Implicit casts of iterators are unsafe. Use dereferencing operators -> and * instead.
C:\Users\user\Desktop\PoissonDeformation-master_0617\MeshDeformation\fillingHole\AdvancingFrontMesh.cpp(1321,55): warning C4996: 'OpenMesh::Iterators::GenericCirculatorT_DEPRECATED<OpenMesh::PolyConnectivity::FaceHalfedgeTraits>::operator OpenMesh::HalfedgeHandle': Implicit casts of iterators are unsafe. Use dereferencing operators -> and * instead.
C:\Users\user\Desktop\PoissonDeformation-master_0617\MeshDeformation\fillingHole\AdvancingFrontMesh.cpp(1330,21): warning C4996: 'OpenMesh::Iterators::GenericIteratorT<OpenMesh::PolyConnectivity::This,OpenMesh::ArrayKernel::FaceHandle,OpenMesh::ArrayKernel,{&OpenMesh::ArrayKernel::has_face_status,0},{&OpenMesh::ArrayKernel::[thunk]: __thiscall OpenMesh::ArrayKernel::`vcall'{16,{flat}}' }',0}>::operator OpenMesh::FaceHandle': Implicit casts of iterators are unsafe. Use dereferencing operators -> and * instead.
C:\Users\user\Desktop\PoissonDeformation-master_0617\MeshDeformation\fillingHole\AdvancingFrontMesh.cpp(1354,24): warning C4996: 'OpenMesh::Iterators::GenericIteratorT<OpenMesh::PolyConnectivity::This,OpenMesh::ArrayKernel::VertexHandle,OpenMesh::ArrayKernel,{&OpenMesh::ArrayKernel::has_vertex_status,0},{&OpenMesh::ArrayKernel::[thunk]: __thiscall OpenMesh::ArrayKernel::`vcall'{4,{flat}}' }',0}>::operator OpenMesh::VertexHandle': Implicit casts of iterators are unsafe. Use dereferencing operators -> and * instead.
C:\Users\user\Desktop\PoissonDeformation-master_0617\MeshDeformation\fillingHole\AdvancingFrontMesh.cpp(1394,20): warning C4018: '<': signed 또는 unsigned가 일치하지 않습니다.
C:\Users\user\Desktop\PoissonDeformation-master_0617\MeshDeformation\fillingHole\AdvancingFrontMesh.cpp(1430,20): warning C4018: '<': signed 또는 unsigned가 일치하지 않습니다.
C:\Users\user\Desktop\PoissonDeformation-master_0617\MeshDeformation\fillingHole\AdvancingFrontMesh.cpp(1459,20): warning C4018: '<': signed 또는 unsigned가 일치하지 않습니다.
C:\Users\user\Desktop\PoissonDeformation-master_0617\MeshDeformation\fillingHole\AdvancingFrontMesh.cpp(1483,27): warning C4018: '<': signed 또는 unsigned가 일치하지 않습니다.
C:\Users\user\Desktop\PoissonDeformation-master_0617\MeshDeformation\fillingHole\AdvancingFrontMesh.cpp(1489,21): warning C4018: '<': signed 또는 unsigned가 일치하지 않습니다.
  MeshDegeneratedTriangles.cpp
C:\Users\user\Desktop\PoissonDeformation-master_0617\MeshDeformation\fillingHole\AdvancingFrontMesh.cpp(1,10): fatal error C1083: 포함 파일을 열 수 없습니다. 'stdafx.h': No such file or directory
  MeshIsland.cpp
C:\Users\user\Desktop\PoissonDeformation-master_0617\MeshDeformation\fillingHole\MeshIsland.cpp(28,22): warning C4996: 'OpenMesh::Iterators::GenericIteratorT<OpenMesh::PolyConnectivity::This,OpenMesh::ArrayKernel::FaceHandle,OpenMesh::ArrayKernel,{&OpenMesh::ArrayKernel::has_face_status,0},{&OpenMesh::ArrayKernel::[thunk]: __thiscall OpenMesh::ArrayKernel::`vcall'{16,{flat}}' }',0}>::operator OpenMesh::FaceHandle': Implicit casts of iterators are unsafe. Use dereferencing operators -> and * instead.
C:\Users\user\Desktop\PoissonDeformation-master_0617\MeshDeformation\fillingHole\MeshIsland.cpp(30,42): warning C4996: 'OpenMesh::Iterators::GenericIteratorT<OpenMesh::PolyConnectivity::This,OpenMesh::ArrayKernel::FaceHandle,OpenMesh::ArrayKernel,{&OpenMesh::ArrayKernel::has_face_status,0},{&OpenMesh::ArrayKernel::[thunk]: __thiscall OpenMesh::ArrayKernel::`vcall'{16,{flat}}' }',0}>::operator OpenMesh::FaceHandle': Implicit casts of iterators are unsafe. Use dereferencing operators -> and * instead.
C:\Users\user\Desktop\PoissonDeformation-master_0617\MeshDeformation\fillingHole\MeshIsland.cpp(66,51): warning C4996: 'OpenMesh::Iterators::GenericCirculatorT_DEPRECATED<OpenMesh::PolyConnectivity::FaceHalfedgeTraits>::operator OpenMesh::HalfedgeHandle': Implicit casts of iterators are unsafe. Use dereferencing operators -> and * instead.
C:\Users\user\Desktop\PoissonDeformation-master_0617\MeshDeformation\fillingHole\MeshIsland.cpp(89,20): warning C4018: '<': signed 또는 unsigned가 일치하지 않습니다.
C:\Users\user\Desktop\PoissonDeformation-master_0617\MeshDeformation\fillingHole\MeshIsland.cpp(104,28): warning C4996: 'OpenMesh::Iterators::GenericCirculatorT_DEPRECATED<OpenMesh::PolyConnectivity::FaceVertexTraits>::operator OpenMesh::VertexHandle': Implicit casts of iterators are unsafe. Use dereferencing operators -> and * instead.
C:\Users\user\Desktop\PoissonDeformation-master_0617\MeshDeformation\fillingHole\MeshIsland.cpp(105,38): warning C4996: 'OpenMesh::Iterators::GenericCirculatorT_DEPRECATED<OpenMesh::PolyConnectivity::FaceVertexTraits>::operator OpenMesh::VertexHandle': Implicit casts of iterators are unsafe. Use dereferencing operators -> and * instead.
C:\Users\user\Desktop\PoissonDeformation-master_0617\MeshDeformation\fillingHole\MeshIsland.cpp(187,20): warning C4018: '<': signed 또는 unsigned가 일치하지 않습니다.
C:\Users\user\Desktop\PoissonDeformation-master_0617\MeshDeformation\fillingHole\MeshIsland.cpp(192,21): warning C4018: '<': signed 또는 unsigned가 일치하지 않습니다.
C:\Users\user\Desktop\PoissonDeformation-master_0617\MeshDeformation\fillingHole\MeshIsland.cpp(209,15): warning C4834: 'nodiscard' 특성이 포함된 함수의 반환 값을 버리는 중
C:\Users\user\Desktop\PoissonDeformation-master_0617\MeshDeformation\fillingHole\MeshIsland.cpp(214,21): warning C4018: '<': signed 또는 unsigned가 일치하지 않습니다.
C:\Program Files (x86)\Microsoft Visual Studio\2019\Community\VC\Tools\MSVC\14.28.29333\include\xutility(5440,24): warning C4996: 'OpenMesh::Iterators::GenericCirculatorT_DEPRECATED<OpenMesh::PolyConnectivity::VertexFaceTraits>::operator OpenMesh::FaceHandle': Implicit casts of iterators are unsafe. Use dereferencing operators -> and * instead.
C:\Program Files (x86)\Microsoft Visual Studio\2019\Community\VC\Tools\MSVC\14.28.29333\include\xutility(5474): message : 컴파일되는 함수 템플릿 인스턴스화 '_InIt std::_Find_unchecked1<_InIt,_Ty>(_InIt,const _InIt,const _Ty &,std::false_type)'에 대한 참조를 확인하세요.
          with
          [
              _InIt=OpenMesh::FaceHandle *,
              _Ty=OpenMesh::PolyConnectivity::VertexFaceIter
          ]
C:\Program Files (x86)\Microsoft Visual Studio\2019\Community\VC\Tools\MSVC\14.28.29333\include\xutility(5480): message : 컴파일되는 함수 템플릿 인스턴스화 '_InIt std::_Find_unchecked<OpenMesh::FaceHandle*,_Ty>(const _InIt,const _InIt,const _Ty &)'에 대한 참조를 확인하세요.
          with
          [
              _InIt=OpenMesh::FaceHandle *,
              _Ty=OpenMesh::PolyConnectivity::VertexFaceIter
          ]
C:\Users\user\Desktop\PoissonDeformation-master_0617\MeshDeformation\fillingHole\MeshIsland.cpp(114): message : 컴파일되는 함수 템플릿 인스턴스화 '_InIt std::find<std::_Vector_iterator<std::_Vector_val<std::_Simple_types<_Ty>>>,OpenMesh::PolyConnectivity::VertexFaceIter>(_InIt,const _InIt,const OpenMesh::Iterators::GenericCirculatorT_DEPRECATED<OpenMesh::PolyConnectivity::VertexFaceTraits> &)'에 대한 참조를 확인하세요.
          with
          [
              _InIt=std::_Vector_iterator<std::_Vector_val<std::_Simple_types<OpenMesh::FaceHandle>>>,
              _Ty=OpenMesh::FaceHandle
          ]
  PoissonDeform.cpp
C:\Users\user\Desktop\PoissonDeformation-master_0617\MeshDeformation\fillingHole\AdvancingFrontMesh.h(24,21): warning C4018: '<': signed 또는 unsigned가 일치하지 않습니다.
C:\Users\user\Desktop\PoissonDeformation-master_0617\MeshDeformation\fillingHole\PoissonDeform.cpp(76,20): warning C4018: '<': signed 또는 unsigned가 일치하지 않습니다.
C:\Users\user\Desktop\PoissonDeformation-master_0617\MeshDeformation\fillingHole\PoissonDeform.cpp(96,20): warning C4018: '<': signed 또는 unsigned가 일치하지 않습니다.
C:\Users\user\Desktop\PoissonDeformation-master_0617\MeshDeformation\fillingHole\PoissonDeform.cpp(98,20): warning C4018: '<': signed 또는 unsigned가 일치하지 않습니다.
C:\Users\user\Desktop\PoissonDeformation-master_0617\MeshDeformation\fillingHole\PoissonDeform.cpp(112,20): warning C4018: '<': signed 또는 unsigned가 일치하지 않습니다.
C:\Users\user\Desktop\PoissonDeformation-master_0617\MeshDeformation\fillingHole\PoissonDeform.cpp(121,20): warning C4018: '<': signed 또는 unsigned가 일치하지 않습니다.
C:\Users\user\Desktop\PoissonDeformation-master_0617\MeshDeformation\fillingHole\PoissonDeform.cpp(131,20): warning C4018: '<': signed 또는 unsigned가 일치하지 않습니다.
C:\Users\user\Desktop\PoissonDeformation-master_0617\MeshDeformation\fillingHole\PoissonDeform.cpp(133,21): warning C4018: '<': signed 또는 unsigned가 일치하지 않습니다.
C:\Users\user\Desktop\PoissonDeformation-master_0617\MeshDeformation\fillingHole\PoissonDeform.cpp(193,20): warning C4018: '<': signed 또는 unsigned가 일치하지 않습니다.
C:\Users\user\Desktop\PoissonDeformation-master_0617\MeshDeformation\fillingHole\PoissonDeform.cpp(225,20): warning C4018: '<': signed 또는 unsigned가 일치하지 않습니다.
C:\Users\user\Desktop\PoissonDeformation-master_0617\MeshDeformation\fillingHole\PoissonDeform.cpp(288,20): warning C4018: '<': signed 또는 unsigned가 일치하지 않습니다.
C:\Users\user\Desktop\PoissonDeformation-master_0617\MeshDeformation\fillingHole\PoissonDeform.cpp(293,20): warning C4018: '<': signed 또는 unsigned가 일치하지 않습니다.
C:\Users\user\Desktop\PoissonDeformation-master_0617\MeshDeformation\fillingHole\PoissonDeform.cpp(308,20): warning C4018: '<': signed 또는 unsigned가 일치하지 않습니다.
C:\Users\user\Desktop\PoissonDeformation-master_0617\MeshDeformation\fillingHole\PoissonDeform.cpp(360,20): warning C4018: '<': signed 또는 unsigned가 일치하지 않습니다.
C:\Users\user\Desktop\PoissonDeformation-master_0617\MeshDeformation\fillingHole\PoissonDeform.cpp(374,20): warning C4018: '<': signed 또는 unsigned가 일치하지 않습니다.
C:\Users\user\Desktop\PoissonDeformation-master_0617\MeshDeformation\fillingHole\PoissonDeform.cpp(405,21): warning C4018: '<': signed 또는 unsigned가 일치하지 않습니다.
C:\Users\user\Desktop\PoissonDeformation-master_0617\MeshDeformation\fillingHole\PoissonDeform.cpp(465,20): warning C4018: '<': signed 또는 unsigned가 일치하지 않습니다.
C:\Users\user\Desktop\PoissonDeformation-master_0617\MeshDeformation\fillingHole\PoissonDeform.cpp(382,23): warning C4996: 'OpenMesh::Iterators::GenericCirculatorT_DEPRECATED<OpenMesh::PolyConnectivity::FaceVertexTraits>::handle': This function clutters your code. Use dereferencing operators -> and * instead.
C:\Users\user\Desktop\PoissonDeformation-master_0617\MeshDeformation\fillingHole\PoissonDeform.cpp(383,23): warning C4996: 'OpenMesh::Iterators::GenericCirculatorT_DEPRECATED<OpenMesh::PolyConnectivity::FaceVertexTraits>::handle': This function clutters your code. Use dereferencing operators -> and * instead.
C:\Users\user\Desktop\PoissonDeformation-master_0617\MeshDeformation\fillingHole\PoissonDeform.cpp(384,23): warning C4996: 'OpenMesh::Iterators::GenericCirculatorT_DEPRECATED<OpenMesh::PolyConnectivity::FaceVertexTraits>::handle': This function clutters your code. Use dereferencing operators -> and * instead.
C:\Users\user\Desktop\PoissonDeformation-master_0617\MeshDeformation\fillingHole\PoissonDeform.cpp(484,20): warning C4018: '<': signed 또는 unsigned가 일치하지 않습니다.
C:\Users\user\Desktop\PoissonDeformation-master_0617\libs\igl\exact_geodesic.cpp(3179,20): warning C4018: '<': signed 또는 unsigned가 일치하지 않습니다.
C:\Users\user\Desktop\PoissonDeformation-master_0617\MeshDeformation\fillingHole\PoissonDeform.cpp(323): message : 컴파일되는 함수 템플릿 인스턴스화 'void igl::exact_geodesic<Derived,Eigen::Matrix<int,-1,-1,0,-1,-1>,Eigen::Matrix<int,-1,1,0,-1,1>,Eigen::Matrix<int,-1,1,0,-1,1>,Eigen::Matrix<int,-1,1,0,-1,1>,Eigen::Matrix<int,-1,1,0,-1,1>,Eigen::Matrix<double,-1,1,0,-1,1>>(const Eigen::MatrixBase<Derived> &,const Eigen::MatrixBase<Eigen::Matrix<int,-1,-1,0,-1,-1>> &,const Eigen::MatrixBase<Eigen::Matrix<int,-1,1,0,-1,1>> &,const Eigen::MatrixBase<Eigen::Matrix<int,-1,1,0,-1,1>> &,const Eigen::MatrixBase<Eigen::Matrix<int,-1,1,0,-1,1>> &,const Eigen::MatrixBase<Eigen::Matrix<int,-1,1,0,-1,1>> &,Eigen::PlainObjectBase<Eigen::Matrix<double,-1,1,0,-1,1>> &)'에 대한 참조를 확인하세요.
          with
          [
              Derived=Eigen::Matrix<double,-1,-1,0,-1,-1>
          ]
C:\Users\user\Desktop\PoissonDeformation-master_0617\libs\igl\exact_geodesic.cpp(3183,20): warning C4018: '<': signed 또는 unsigned가 일치하지 않습니다.
C:\Users\user\Desktop\PoissonDeformation-master_0617\libs\igl\exact_geodesic.cpp(3215,20): warning C4018: '<': signed 또는 unsigned가 일치하지 않습니다.
  SurfaceFitFromPositionNormal.cpp
C:\Users\user\Desktop\PoissonDeformation-master_0617\MeshDeformation\fillingHole\SurfaceFitFromPositionNormal.cpp(53,21): warning C4018: '<': signed 또는 unsigned가 일치하지 않습니다.
C:\Users\user\Desktop\PoissonDeformation-master_0617\MeshDeformation\fillingHole\SurfaceFitFromPositionNormal.cpp(70,21): warning C4018: '<': signed 또는 unsigned가 일치하지 않습니다.
C:\Users\user\Desktop\PoissonDeformation-master_0617\MeshDeformation\fillingHole\SurfaceFitFromPositionNormal.cpp(198,20): warning C4018: '<': signed 또는 unsigned가 일치하지 않습니다.
  MeshDeformation.cpp
C:\Users\user\Desktop\PoissonDeformation-master_0617\MeshDeformation\MeshDeformation.cpp(61,2): warning C4996: 'freopen': This function or variable may be unsafe. Consider using freopen_s instead. To disable deprecation, use _CRT_SECURE_NO_WARNINGS. See online help for details.
C:\Users\user\Desktop\PoissonDeformation-master_0617\MeshDeformation\MeshDeformation.cpp(62,2): warning C4996: 'freopen': This function or variable may be unsafe. Consider using freopen_s instead. To disable deprecation, use _CRT_SECURE_NO_WARNINGS. See online help for details.
  MeshDeformationDoc.cpp
  Deformation.cpp
  ControlVertex.cpp
C:\Users\user\Desktop\PoissonDeformation-master_0617\MeshDeformation\MeshDeform\PoissonDeform\ControlVertex.cpp(27,19): warning C4018: '<': signed 또는 unsigned가 일치하지 않습니다.
C:\Users\user\Desktop\PoissonDeformation-master_0617\MeshDeformation\MeshDeform\PoissonDeform\ControlVertex.cpp(46,19): warning C4018: '<': signed 또는 unsigned가 일치하지 않습니다.
C:\Users\user\Desktop\PoissonDeformation-master_0617\MeshDeformation\MeshDeform\PoissonDeform\ControlVertex.cpp(56,19): warning C4018: '<': signed 또는 unsigned가 일치하지 않습니다.
C:\Users\user\Desktop\PoissonDeformation-master_0617\MeshDeformation\MeshDeform\PoissonDeform\ControlVertex.cpp(75,19): warning C4018: '<': signed 또는 unsigned가 일치하지 않습니다.
C:\Users\user\Desktop\PoissonDeformation-master_0617\MeshDeformation\MeshDeform\PoissonDeform\ControlVertex.cpp(85,19): warning C4018: '<': signed 또는 unsigned가 일치하지 않습니다.
C:\Users\user\Desktop\PoissonDeformation-master_0617\MeshDeformation\MeshDeform\PoissonDeform\ControlVertex.cpp(96,19): warning C4018: '<': signed 또는 unsigned가 일치하지 않습니다.
C:\Users\user\Desktop\PoissonDeformation-master_0617\MeshDeformation\MeshDeform\PoissonDeform\ControlVertex.cpp(99,19): warning C4018: '<': signed 또는 unsigned가 일치하지 않습니다.
C:\Users\user\Desktop\PoissonDeformation-master_0617\MeshDeformation\MeshDeform\PoissonDeform\ControlVertex.cpp(116,19): warning C4018: '<': signed 또는 unsigned가 일치하지 않습니다.
C:\Users\user\Desktop\PoissonDeformation-master_0617\MeshDeformation\MeshDeform\PoissonDeform\ControlVertex.cpp(135,19): warning C4018: '<': signed 또는 unsigned가 일치하지 않습니다.
  PoissonDeformation.cpp
C:\Users\user\Desktop\PoissonDeformation-master_0617\MeshDeformation\MeshDeform\PoissonDeform\PoissonDeformation.cpp(167,19): warning C4018: '<': signed 또는 unsigned가 일치하지 않습니다.
C:\Users\user\Desktop\PoissonDeformation-master_0617\MeshDeformation\MeshDeform\PoissonDeform\PoissonDeformation.cpp(134,35): warning C4996: 'OpenMesh::Iterators::GenericIteratorT<OpenMesh::PolyConnectivity::This,OpenMesh::ArrayKernel::VertexHandle,OpenMesh::ArrayKernel,{&OpenMesh::ArrayKernel::has_vertex_status,0},{&OpenMesh::ArrayKernel::[thunk]: __thiscall OpenMesh::ArrayKernel::`vcall'{4,{flat}}' }',0}>::operator OpenMesh::VertexHandle': Implicit casts of iterators are unsafe. Use dereferencing operators -> and * instead.
C:\Users\user\Desktop\PoissonDeformation-master_0617\MeshDeformation\MeshDeform\PoissonDeform\PoissonDeformation.cpp(135,35): warning C4996: 'OpenMesh::Iterators::GenericIteratorT<OpenMesh::PolyConnectivity::This,OpenMesh::ArrayKernel::VertexHandle,OpenMesh::ArrayKernel,{&OpenMesh::ArrayKernel::has_vertex_status,0},{&OpenMesh::ArrayKernel::[thunk]: __thiscall OpenMesh::ArrayKernel::`vcall'{4,{flat}}' }',0}>::operator OpenMesh::VertexHandle': Implicit casts of iterators are unsafe. Use dereferencing operators -> and * instead.
C:\Users\user\Desktop\PoissonDeformation-master_0617\MeshDeformation\MeshDeform\PoissonDeform\PoissonDeformation.cpp(136,35): warning C4996: 'OpenMesh::Iterators::GenericIteratorT<OpenMesh::PolyConnectivity::This,OpenMesh::ArrayKernel::VertexHandle,OpenMesh::ArrayKernel,{&OpenMesh::ArrayKernel::has_vertex_status,0},{&OpenMesh::ArrayKernel::[thunk]: __thiscall OpenMesh::ArrayKernel::`vcall'{4,{flat}}' }',0}>::operator OpenMesh::VertexHandle': Implicit casts of iterators are unsafe. Use dereferencing operators -> and * instead.
C:\Users\user\Desktop\PoissonDeformation-master_0617\MeshDeformation\MeshDeform\PoissonDeform\PoissonDeformation.cpp(140,62): warning C4996: 'OpenMesh::Iterators::GenericIteratorT<OpenMesh::PolyConnectivity::This,OpenMesh::ArrayKernel::VertexHandle,OpenMesh::ArrayKernel,{&OpenMesh::ArrayKernel::has_vertex_status,0},{&OpenMesh::ArrayKernel::[thunk]: __thiscall OpenMesh::ArrayKernel::`vcall'{4,{flat}}' }',0}>::operator OpenMesh::VertexHandle': Implicit casts of iterators are unsafe. Use dereferencing operators -> and * instead.
C:\Users\user\Desktop\PoissonDeformation-master_0617\MeshDeformation\MeshDeform\PoissonDeform\PoissonDeformation.cpp(142,59): warning C4996: 'OpenMesh::Iterators::GenericCirculatorT_DEPRECATED<OpenMesh::PolyConnectivity::VertexFaceTraits>::operator OpenMesh::FaceHandle': Implicit casts of iterators are unsafe. Use dereferencing operators -> and * instead.
C:\Users\user\Desktop\PoissonDeformation-master_0617\MeshDeformation\MeshDeform\PoissonDeform\PoissonDeformation.cpp(143,24): warning C4996: 'OpenMesh::Iterators::GenericCirculatorT_DEPRECATED<OpenMesh::PolyConnectivity::FaceVertexTraits>::handle': This function clutters your code. Use dereferencing operators -> and * instead.
C:\Users\user\Desktop\PoissonDeformation-master_0617\MeshDeformation\MeshDeform\PoissonDeform\PoissonDeformation.cpp(144,24): warning C4996: 'OpenMesh::Iterators::GenericCirculatorT_DEPRECATED<OpenMesh::PolyConnectivity::FaceVertexTraits>::handle': This function clutters your code. Use dereferencing operators -> and * instead.
C:\Users\user\Desktop\PoissonDeformation-master_0617\MeshDeformation\MeshDeform\PoissonDeform\PoissonDeformation.cpp(145,24): warning C4996: 'OpenMesh::Iterators::GenericCirculatorT_DEPRECATED<OpenMesh::PolyConnectivity::FaceVertexTraits>::handle': This function clutters your code. Use dereferencing operators -> and * instead.
C:\Users\user\Desktop\PoissonDeformation-master_0617\MeshDeformation\MeshDeform\PoissonDeform\PoissonDeformation.cpp(196,19): warning C4018: '<': signed 또는 unsigned가 일치하지 않습니다.
  MyTriMesh.cpp
C:\Users\user\Desktop\PoissonDeformation-master_0617\MeshDeformation\fillingHole\AdvancingFrontMesh.h(24,21): warning C4018: '<': signed 또는 unsigned가 일치하지 않습니다.
C:\Users\user\Desktop\PoissonDeformation-master_0617\MeshDeformation\MeshDisplay\MyTriMesh.cpp(77,40): warning C4996: 'OpenMesh::Iterators::GenericIteratorT<OpenMesh::PolyConnectivity::This,OpenMesh::ArrayKernel::VertexHandle,OpenMesh::ArrayKernel,{&OpenMesh::ArrayKernel::has_vertex_status,0},{&OpenMesh::ArrayKernel::[thunk]: __thiscall OpenMesh::ArrayKernel::`vcall'{4,{flat}}' }',0}>::operator OpenMesh::VertexHandle': Implicit casts of iterators are unsafe. Use dereferencing operators -> and * instead.
C:\Users\user\Desktop\PoissonDeformation-master_0617\MeshDeformation\MeshDisplay\MyTriMesh.cpp(95,33): warning C4996: 'OpenMesh::Iterators::GenericIteratorT<OpenMesh::PolyConnectivity::This,OpenMesh::ArrayKernel::FaceHandle,OpenMesh::ArrayKernel,{&OpenMesh::ArrayKernel::has_face_status,0},{&OpenMesh::ArrayKernel::[thunk]: __thiscall OpenMesh::ArrayKernel::`vcall'{16,{flat}}' }',0}>::operator OpenMesh::FaceHandle': Implicit casts of iterators are unsafe. Use dereferencing operators -> and * instead.
C:\Users\user\Desktop\PoissonDeformation-master_0617\MeshDeformation\MeshDisplay\MyTriMesh.cpp(97,29): warning C4996: 'OpenMesh::Iterators::GenericCirculatorT_DEPRECATED<OpenMesh::PolyConnectivity::FaceVertexTraits>::operator OpenMesh::VertexHandle': Implicit casts of iterators are unsafe. Use dereferencing operators -> and * instead.
C:\Users\user\Desktop\PoissonDeformation-master_0617\MeshDeformation\MeshDisplay\MyTriMesh.cpp(124,29): warning C4996: 'OpenMesh::Iterators::GenericIteratorT<OpenMesh::PolyConnectivity::This,OpenMesh::ArrayKernel::FaceHandle,OpenMesh::ArrayKernel,{&OpenMesh::ArrayKernel::has_face_status,0},{&OpenMesh::ArrayKernel::[thunk]: __thiscall OpenMesh::ArrayKernel::`vcall'{16,{flat}}' }',0}>::operator OpenMesh::FaceHandle': Implicit casts of iterators are unsafe. Use dereferencing operators -> and * instead.
C:\Users\user\Desktop\PoissonDeformation-master_0617\MeshDeformation\MeshDisplay\MyTriMesh.cpp(125,33): warning C4996: 'OpenMesh::Iterators::GenericIteratorT<OpenMesh::PolyConnectivity::This,OpenMesh::ArrayKernel::FaceHandle,OpenMesh::ArrayKernel,{&OpenMesh::ArrayKernel::has_face_status,0},{&OpenMesh::ArrayKernel::[thunk]: __thiscall OpenMesh::ArrayKernel::`vcall'{16,{flat}}' }',0}>::operator OpenMesh::FaceHandle': Implicit casts of iterators are unsafe. Use dereferencing operators -> and * instead.
C:\Users\user\Desktop\PoissonDeformation-master_0617\MeshDeformation\MeshDisplay\MyTriMesh.cpp(127,30): warning C4996: 'OpenMesh::Iterators::GenericCirculatorT_DEPRECATED<OpenMesh::PolyConnectivity::FaceVertexTraits>::operator OpenMesh::VertexHandle': Implicit casts of iterators are unsafe. Use dereferencing operators -> and * instead.
C:\Users\user\Desktop\PoissonDeformation-master_0617\MeshDeformation\MeshDisplay\MyTriMesh.cpp(129,29): warning C4996: 'OpenMesh::Iterators::GenericCirculatorT_DEPRECATED<OpenMesh::PolyConnectivity::FaceVertexTraits>::operator OpenMesh::VertexHandle': Implicit casts of iterators are unsafe. Use dereferencing operators -> and * instead.
C:\Users\user\Desktop\PoissonDeformation-master_0617\MeshDeformation\MeshDisplay\MyTriMesh.cpp(155,39): warning C4996: 'OpenMesh::Iterators::GenericIteratorT<OpenMesh::PolyConnectivity::This,OpenMesh::ArrayKernel::VertexHandle,OpenMesh::ArrayKernel,{&OpenMesh::ArrayKernel::has_vertex_status,0},{&OpenMesh::ArrayKernel::[thunk]: __thiscall OpenMesh::ArrayKernel::`vcall'{4,{flat}}' }',0}>::operator OpenMesh::VertexHandle': Implicit casts of iterators are unsafe. Use dereferencing operators -> and * instead.
C:\Users\user\Desktop\PoissonDeformation-master_0617\MeshDeformation\MeshDisplay\MyTriMesh.cpp(164,25): warning C4996: 'OpenMesh::Iterators::GenericIteratorT<OpenMesh::PolyConnectivity::This,OpenMesh::ArrayKernel::VertexHandle,OpenMesh::ArrayKernel,{&OpenMesh::ArrayKernel::has_vertex_status,0},{&OpenMesh::ArrayKernel::[thunk]: __thiscall OpenMesh::ArrayKernel::`vcall'{4,{flat}}' }',0}>::operator OpenMesh::VertexHandle': Implicit casts of iterators are unsafe. Use dereferencing operators -> and * instead.
C:\Users\user\Desktop\PoissonDeformation-master_0617\MeshDeformation\MeshDisplay\MyTriMesh.cpp(202,40): warning C4996: 'OpenMesh::Iterators::GenericIteratorT<OpenMesh::PolyConnectivity::This,OpenMesh::ArrayKernel::VertexHandle,OpenMesh::ArrayKernel,{&OpenMesh::ArrayKernel::has_vertex_status,0},{&OpenMesh::ArrayKernel::[thunk]: __thiscall OpenMesh::ArrayKernel::`vcall'{4,{flat}}' }',0}>::operator OpenMesh::VertexHandle': Implicit casts of iterators are unsafe. Use dereferencing operators -> and * instead.
C:\Users\user\Desktop\PoissonDeformation-master_0617\MeshDeformation\MeshDisplay\MyTriMesh.cpp(203,57): warning C4996: 'OpenMesh::Iterators::GenericIteratorT<OpenMesh::PolyConnectivity::This,OpenMesh::ArrayKernel::VertexHandle,OpenMesh::ArrayKernel,{&OpenMesh::ArrayKernel::has_vertex_status,0},{&OpenMesh::ArrayKernel::[thunk]: __thiscall OpenMesh::ArrayKernel::`vcall'{4,{flat}}' }',0}>::operator OpenMesh::VertexHandle': Implicit casts of iterators are unsafe. Use dereferencing operators -> and * instead.
C:\Users\user\Desktop\PoissonDeformation-master_0617\MeshDeformation\MeshDisplay\MyTriMesh.cpp(205,41): warning C4996: 'OpenMesh::Iterators::GenericCirculatorT_DEPRECATED<OpenMesh::PolyConnectivity::VertexVertexTraits>::operator OpenMesh::VertexHandle': Implicit casts of iterators are unsafe. Use dereferencing operators -> and * instead.
C:\Users\user\Desktop\PoissonDeformation-master_0617\MeshDeformation\MeshDisplay\MyTriMesh.cpp(247,21): warning C4018: '<': signed 또는 unsigned가 일치하지 않습니다.
C:\Users\user\Desktop\PoissonDeformation-master_0617\MeshDeformation\MeshDisplay\MyTriMesh.cpp(229,55): warning C4996: 'OpenMesh::Iterators::GenericIteratorT<OpenMesh::PolyConnectivity::This,OpenMesh::ArrayKernel::VertexHandle,OpenMesh::ArrayKernel,{&OpenMesh::ArrayKernel::has_vertex_status,0},{&OpenMesh::ArrayKernel::[thunk]: __thiscall OpenMesh::ArrayKernel::`vcall'{4,{flat}}' }',0}>::operator OpenMesh::VertexHandle': Implicit casts of iterators are unsafe. Use dereferencing operators -> and * instead.
C:\Users\user\Desktop\PoissonDeformation-master_0617\MeshDeformation\MeshDisplay\MyTriMesh.cpp(233,49): warning C4996: 'OpenMesh::Iterators::GenericCirculatorT_DEPRECATED<OpenMesh::PolyConnectivity::VertexFaceTraits>::operator OpenMesh::FaceHandle': Implicit casts of iterators are unsafe. Use dereferencing operators -> and * instead.
C:\Users\user\Desktop\PoissonDeformation-master_0617\MeshDeformation\MeshDisplay\MyTriMesh.cpp(235,56): warning C4996: 'OpenMesh::Iterators::GenericCirculatorT_DEPRECATED<OpenMesh::PolyConnectivity::VertexFaceTraits>::operator OpenMesh::FaceHandle': Implicit casts of iterators are unsafe. Use dereferencing operators -> and * instead.
C:\Users\user\Desktop\PoissonDeformation-master_0617\MeshDeformation\MeshDisplay\MyTriMesh.cpp(237,41): warning C4996: 'OpenMesh::Iterators::GenericCirculatorT_DEPRECATED<OpenMesh::PolyConnectivity::FaceVertexTraits>::operator OpenMesh::VertexHandle': Implicit casts of iterators are unsafe. Use dereferencing operators -> and * instead.
C:\Users\user\Desktop\PoissonDeformation-master_0617\MeshDeformation\MeshDisplay\MyTriMesh.cpp(254,20): warning C4996: 'OpenMesh::Iterators::GenericIteratorT<OpenMesh::PolyConnectivity::This,OpenMesh::ArrayKernel::VertexHandle,OpenMesh::ArrayKernel,{&OpenMesh::ArrayKernel::has_vertex_status,0},{&OpenMesh::ArrayKernel::[thunk]: __thiscall OpenMesh::ArrayKernel::`vcall'{4,{flat}}' }',0}>::handle': This function clutters your code. Use dereferencing operators -> and * instead.
  math3d.cpp
  MyMeshPick.cpp
C:\Users\user\Desktop\PoissonDeformation-master_0617\MeshDeformation\MeshPick\MyMeshPick.cpp(30,13): warning C4996: 'OpenMesh::Iterators::GenericIteratorT<OpenMesh::PolyConnectivity::This,OpenMesh::ArrayKernel::VertexHandle,OpenMesh::ArrayKernel,{&OpenMesh::ArrayKernel::has_vertex_status,0},{&OpenMesh::ArrayKernel::[thunk]: __thiscall OpenMesh::ArrayKernel::`vcall'{4,{flat}}' }',0}>::handle': This function clutters your code. Use dereferencing operators -> and * instead.
C:\Users\user\Desktop\PoissonDeformation-master_0617\MeshDeformation\MeshPick\MyMeshPick.cpp(31,35): warning C4996: 'OpenMesh::Iterators::GenericIteratorT<OpenMesh::PolyConnectivity::This,OpenMesh::ArrayKernel::VertexHandle,OpenMesh::ArrayKernel,{&OpenMesh::ArrayKernel::has_vertex_status,0},{&OpenMesh::ArrayKernel::[thunk]: __thiscall OpenMesh::ArrayKernel::`vcall'{4,{flat}}' }',0}>::operator OpenMesh::VertexHandle': Implicit casts of iterators are unsafe. Use dereferencing operators -> and * instead.
C:\Users\user\Desktop\PoissonDeformation-master_0617\MeshDeformation\MeshPick\MyMeshPick.cpp(32,35): warning C4996: 'OpenMesh::Iterators::GenericIteratorT<OpenMesh::PolyConnectivity::This,OpenMesh::ArrayKernel::VertexHandle,OpenMesh::ArrayKernel,{&OpenMesh::ArrayKernel::has_vertex_status,0},{&OpenMesh::ArrayKernel::[thunk]: __thiscall OpenMesh::ArrayKernel::`vcall'{4,{flat}}' }',0}>::operator OpenMesh::VertexHandle': Implicit casts of iterators are unsafe. Use dereferencing operators -> and * instead.
C:\Users\user\Desktop\PoissonDeformation-master_0617\MeshDeformation\MeshPick\MyMeshPick.cpp(33,35): warning C4996: 'OpenMesh::Iterators::GenericIteratorT<OpenMesh::PolyConnectivity::This,OpenMesh::ArrayKernel::VertexHandle,OpenMesh::ArrayKernel,{&OpenMesh::ArrayKernel::has_vertex_status,0},{&OpenMesh::ArrayKernel::[thunk]: __thiscall OpenMesh::ArrayKernel::`vcall'{4,{flat}}' }',0}>::operator OpenMesh::VertexHandle': Implicit casts of iterators are unsafe. Use dereferencing operators -> and * instead.
C:\Users\user\Desktop\PoissonDeformation-master_0617\MeshDeformation\MeshPick\MyMeshPick.cpp(81,19): warning C4018: '<': signed 또는 unsigned가 일치하지 않습니다.
  Selection.cpp
  ArcBall.cpp
  MainFrm.cpp
  MeshDeformationView.cpp
  MyArcBall.cpp
  MyLeftPane.cpp
  PoissonDefDlg.cpp
  코드를 생성하고 있습니다...
  컴파일하고 있습니다...
  UIControl.cpp
  CP_PointVector.cpp
  MeshLaplacianSolver.cpp
C:\Users\user\Desktop\PoissonDeformation-master_0617\MeshDeformation\Utility\MeshLaplacianSolver.cpp(35,55): warning C4996: 'OpenMesh::Iterators::GenericIteratorT<OpenMesh::PolyConnectivity::This,OpenMesh::ArrayKernel::VertexHandle,OpenMesh::ArrayKernel,{&OpenMesh::ArrayKernel::has_vertex_status,0},{&OpenMesh::ArrayKernel::[thunk]: __thiscall OpenMesh::ArrayKernel::`vcall'{4,{flat}}' }',0}>::operator OpenMesh::VertexHandle': Implicit casts of iterators are unsafe. Use dereferencing operators -> and * instead.
C:\Users\user\Desktop\PoissonDeformation-master_0617\MeshDeformation\Utility\MeshLaplacianSolver.cpp(38,60): warning C4996: 'OpenMesh::Iterators::GenericIteratorT<OpenMesh::PolyConnectivity::This,OpenMesh::ArrayKernel::VertexHandle,OpenMesh::ArrayKernel,{&OpenMesh::ArrayKernel::has_vertex_status,0},{&OpenMesh::ArrayKernel::[thunk]: __thiscall OpenMesh::ArrayKernel::`vcall'{4,{flat}}' }',0}>::operator OpenMesh::VertexHandle': Implicit casts of iterators are unsafe. Use dereferencing operators -> and * instead.
C:\Users\user\Desktop\PoissonDeformation-master_0617\MeshDeformation\Utility\MeshLaplacianSolver.cpp(39,54): warning C4996: 'OpenMesh::Iterators::GenericCirculatorT_DEPRECATED<OpenMesh::PolyConnectivity::VertexVertexTraits>::operator OpenMesh::VertexHandle': Implicit casts of iterators are unsafe. Use dereferencing operators -> and * instead.
C:\Users\user\Desktop\PoissonDeformation-master_0617\MeshDeformation\Utility\MeshLaplacianSolver.cpp(41,48): warning C4996: 'OpenMesh::Iterators::GenericIteratorT<OpenMesh::PolyConnectivity::This,OpenMesh::ArrayKernel::VertexHandle,OpenMesh::ArrayKernel,{&OpenMesh::ArrayKernel::has_vertex_status,0},{&OpenMesh::ArrayKernel::[thunk]: __thiscall OpenMesh::ArrayKernel::`vcall'{4,{flat}}' }',0}>::operator OpenMesh::VertexHandle': Implicit casts of iterators are unsafe. Use dereferencing operators -> and * instead.
C:\Users\user\Desktop\PoissonDeformation-master_0617\MeshDeformation\Utility\MeshLaplacianSolver.cpp(60,39): warning C4996: 'OpenMesh::Iterators::GenericIteratorT<OpenMesh::PolyConnectivity::This,OpenMesh::ArrayKernel::VertexHandle,OpenMesh::ArrayKernel,{&OpenMesh::ArrayKernel::has_vertex_status,0},{&OpenMesh::ArrayKernel::[thunk]: __thiscall OpenMesh::ArrayKernel::`vcall'{4,{flat}}' }',0}>::operator OpenMesh::VertexHandle': Implicit casts of iterators are unsafe. Use dereferencing operators -> and * instead.
C:\Users\user\Desktop\PoissonDeformation-master_0617\MeshDeformation\Utility\MeshLaplacianSolver.cpp(75,20): warning C4996: 'OpenMesh::Iterators::GenericIteratorT<OpenMesh::PolyConnectivity::This,OpenMesh::ArrayKernel::VertexHandle,OpenMesh::ArrayKernel,{&OpenMesh::ArrayKernel::has_vertex_status,0},{&OpenMesh::ArrayKernel::[thunk]: __thiscall OpenMesh::ArrayKernel::`vcall'{4,{flat}}' }',0}>::handle': This function clutters your code. Use dereferencing operators -> and * instead.
C:\Users\user\Desktop\PoissonDeformation-master_0617\MeshDeformation\Utility\MeshLaplacianSolver.cpp(84,65): warning C4996: 'OpenMesh::Iterators::GenericIteratorT<OpenMesh::PolyConnectivity::This,OpenMesh::ArrayKernel::VertexHandle,OpenMesh::ArrayKernel,{&OpenMesh::ArrayKernel::has_vertex_status,0},{&OpenMesh::ArrayKernel::[thunk]: __thiscall OpenMesh::ArrayKernel::`vcall'{4,{flat}}' }',0}>::operator OpenMesh::VertexHandle': Implicit casts of iterators are unsafe. Use dereferencing operators -> and * instead.
C:\Users\user\Desktop\PoissonDeformation-master_0617\MeshDeformation\Utility\MeshLaplacianSolver.cpp(86,61): warning C4996: 'OpenMesh::Iterators::GenericIteratorT<OpenMesh::PolyConnectivity::This,OpenMesh::ArrayKernel::VertexHandle,OpenMesh::ArrayKernel,{&OpenMesh::ArrayKernel::has_vertex_status,0},{&OpenMesh::ArrayKernel::[thunk]: __thiscall OpenMesh::ArrayKernel::`vcall'{4,{flat}}' }',0}>::operator OpenMesh::VertexHandle': Implicit casts of iterators are unsafe. Use dereferencing operators -> and * instead.
C:\Users\user\Desktop\PoissonDeformation-master_0617\MeshDeformation\Utility\MeshLaplacianSolver.cpp(88,24): warning C4996: 'OpenMesh::Iterators::GenericCirculatorT_DEPRECATED<OpenMesh::PolyConnectivity::VertexVertexTraits>::handle': This function clutters your code. Use dereferencing operators -> and * instead.
  MyAfxFunction.cpp
  quaternion.cpp
  SimpleCompute.cpp
C:\Users\user\Desktop\PoissonDeformation-master_0617\MeshDeformation\Utility\SimpleCompute.cpp(186,21): warning C4996: 'OpenMesh::Iterators::GenericIteratorT<OpenMesh::PolyConnectivity::This,OpenMesh::ArrayKernel::VertexHandle,OpenMesh::ArrayKernel,{&OpenMesh::ArrayKernel::has_vertex_status,0},{&OpenMesh::ArrayKernel::[thunk]: __thiscall OpenMesh::ArrayKernel::`vcall'{4,{flat}}' }',0}>::operator OpenMesh::VertexHandle': Implicit casts of iterators are unsafe. Use dereferencing operators -> and * instead.
C:\Users\user\Desktop\PoissonDeformation-master_0617\MeshDeformation\Utility\SimpleCompute.cpp(187,26): warning C4996: 'OpenMesh::Iterators::GenericIteratorT<OpenMesh::PolyConnectivity::This,OpenMesh::ArrayKernel::VertexHandle,OpenMesh::ArrayKernel,{&OpenMesh::ArrayKernel::has_vertex_status,0},{&OpenMesh::ArrayKernel::[thunk]: __thiscall OpenMesh::ArrayKernel::`vcall'{4,{flat}}' }',0}>::operator OpenMesh::VertexHandle': Implicit casts of iterators are unsafe. Use dereferencing operators -> and * instead.
C:\Users\user\Desktop\PoissonDeformation-master_0617\MeshDeformation\Utility\SimpleCompute.cpp(201,39): warning C4996: 'OpenMesh::Iterators::GenericIteratorT<OpenMesh::PolyConnectivity::This,OpenMesh::ArrayKernel::FaceHandle,OpenMesh::ArrayKernel,{&OpenMesh::ArrayKernel::has_face_status,0},{&OpenMesh::ArrayKernel::[thunk]: __thiscall OpenMesh::ArrayKernel::`vcall'{16,{flat}}' }',0}>::operator OpenMesh::FaceHandle': Implicit casts of iterators are unsafe. Use dereferencing operators -> and * instead.
C:\Users\user\Desktop\PoissonDeformation-master_0617\MeshDeformation\Utility\SimpleCompute.cpp(209,56): warning C4996: 'OpenMesh::Iterators::GenericIteratorT<OpenMesh::PolyConnectivity::This,OpenMesh::ArrayKernel::FaceHandle,OpenMesh::ArrayKernel,{&OpenMesh::ArrayKernel::has_face_status,0},{&OpenMesh::ArrayKernel::[thunk]: __thiscall OpenMesh::ArrayKernel::`vcall'{16,{flat}}' }',0}>::operator OpenMesh::FaceHandle': Implicit casts of iterators are unsafe. Use dereferencing operators -> and * instead.
C:\Users\user\Desktop\PoissonDeformation-master_0617\MeshDeformation\Utility\SimpleCompute.cpp(211,41): warning C4996: 'OpenMesh::Iterators::GenericCirculatorT_DEPRECATED<OpenMesh::PolyConnectivity::FaceVertexTraits>::operator OpenMesh::VertexHandle': Implicit casts of iterators are unsafe. Use dereferencing operators -> and * instead.
C:\Users\user\Desktop\PoissonDeformation-master_0617\MeshDeformation\Utility\SimpleCompute.cpp(261,21): warning C4018: '<': signed 또는 unsigned가 일치하지 않습니다.
C:\Users\user\Desktop\PoissonDeformation-master_0617\MeshDeformation\Utility\SimpleCompute.cpp(243,56): warning C4996: 'OpenMesh::Iterators::GenericIteratorT<OpenMesh::PolyConnectivity::This,OpenMesh::ArrayKernel::VertexHandle,OpenMesh::ArrayKernel,{&OpenMesh::ArrayKernel::has_vertex_status,0},{&OpenMesh::ArrayKernel::[thunk]: __thiscall OpenMesh::ArrayKernel::`vcall'{4,{flat}}' }',0}>::operator OpenMesh::VertexHandle': Implicit casts of iterators are unsafe. Use dereferencing operators -> and * instead.
C:\Users\user\Desktop\PoissonDeformation-master_0617\MeshDeformation\Utility\SimpleCompute.cpp(247,51): warning C4996: 'OpenMesh::Iterators::GenericCirculatorT_DEPRECATED<OpenMesh::PolyConnectivity::VertexFaceTraits>::operator OpenMesh::FaceHandle': Implicit casts of iterators are unsafe. Use dereferencing operators -> and * instead.
C:\Users\user\Desktop\PoissonDeformation-master_0617\MeshDeformation\Utility\SimpleCompute.cpp(249,57): warning C4996: 'OpenMesh::Iterators::GenericCirculatorT_DEPRECATED<OpenMesh::PolyConnectivity::VertexFaceTraits>::operator OpenMesh::FaceHandle': Implicit casts of iterators are unsafe. Use dereferencing operators -> and * instead.
C:\Users\user\Desktop\PoissonDeformation-master_0617\MeshDeformation\Utility\SimpleCompute.cpp(251,44): warning C4996: 'OpenMesh::Iterators::GenericCirculatorT_DEPRECATED<OpenMesh::PolyConnectivity::FaceVertexTraits>::operator OpenMesh::VertexHandle': Implicit casts of iterators are unsafe. Use dereferencing operators -> and * instead.
C:\Users\user\Desktop\PoissonDeformation-master_0617\MeshDeformation\Utility\SimpleCompute.cpp(268,14): warning C4996: 'OpenMesh::Iterators::GenericIteratorT<OpenMesh::PolyConnectivity::This,OpenMesh::ArrayKernel::VertexHandle,OpenMesh::ArrayKernel,{&OpenMesh::ArrayKernel::has_vertex_status,0},{&OpenMesh::ArrayKernel::[thunk]: __thiscall OpenMesh::ArrayKernel::`vcall'{4,{flat}}' }',0}>::handle': This function clutters your code. Use dereferencing operators -> and * instead.
  코드를 생성하고 있습니다...
